# JRE version: Java(TM) SE Runtime Environment (8.0_144-b01) (build 1.8.0_144-b01)
# Java VM: Java HotSpot(TM) 64-Bit Server VM (25.144-b01 mixed mode bsd-amd64 compressed oops)
Heap:
 PSYoungGen      total 521216K, used 50303K [0x0000000795580000, 0x00000007c0000000, 0x00000007c0000000)
  eden space 343552K, 14% used [0x0000000795580000,0x000000079869ff20,0x00000007aa500000)
  from space 177664K, 0% used [0x00000007aa500000,0x00000007aa500000,0x00000007b5280000)
  to   space 177664K, 0% used [0x00000007b5280000,0x00000007b5280000,0x00000007c0000000)
 ParOldGen       total 521728K, used 323068K [0x0000000740000000, 0x000000075fd80000, 0x0000000795580000)
  object space 521728K, 61% used [0x0000000740000000,0x0000000753b7f318,0x000000075fd80000)
 Metaspace       used 49831K, capacity 50823K, committed 51160K, reserved 1095680K
  class space    used 5548K, capacity 5788K, committed 5848K, reserved 1048576K
GC Heap History (10 events):
Event: 2788.526 GC heap before
{Heap before GC invocations=51 (full 5):
 PSYoungGen      total 503808K, used 373776K [0x0000000795580000, 0x00000007c0000000, 0x00000007c0000000)
  eden space 332288K, 100% used [0x0000000795580000,0x00000007a9a00000,0x00000007a9a00000)
  from space 171520K, 24% used [0x00000007a9a00000,0x00000007ac284010,0x00000007b4180000)
  to   space 167424K, 0% used [0x00000007b5c80000,0x00000007b5c80000,0x00000007c0000000)
 ParOldGen       total 530944K, used 428345K [0x0000000740000000, 0x0000000760680000, 0x0000000795580000)
  object space 530944K, 80% used [0x0000000740000000,0x000000075a24e4e8,0x0000000760680000)
 Metaspace       used 49857K, capacity 50893K, committed 51160K, reserved 1095680K
  class space    used 5557K, capacity 5805K, committed 5848K, reserved 1048576K
Event: 2788.578 GC heap after
Heap after GC invocations=51 (full 5):
 PSYoungGen      total 519168K, used 26480K [0x0000000795580000, 0x00000007bf800000, 0x00000007c0000000)
  eden space 359936K, 0% used [0x0000000795580000,0x0000000795580000,0x00000007ab500000)
  from space 159232K, 16% used [0x00000007b5c80000,0x00000007b765c010,0x00000007bf800000)
  to   space 165376K, 0% used [0x00000007ab500000,0x00000007ab500000,0x00000007b5680000)
 ParOldGen       total 530944K, used 447897K [0x0000000740000000, 0x0000000760680000, 0x0000000795580000)
  object space 530944K, 84% used [0x0000000740000000,0x000000075b5664e8,0x0000000760680000)
 Metaspace       used 49857K, capacity 50893K, committed 51160K, reserved 1095680K
  class space    used 5557K, capacity 5805K, committed 5848K, reserved 1048576K
}
Event: 2788.961 GC heap before
{Heap before GC invocations=52 (full 5):
 PSYoungGen      total 519168K, used 386416K [0x0000000795580000, 0x00000007bf800000, 0x00000007c0000000)
  eden space 359936K, 100% used [0x0000000795580000,0x00000007ab500000,0x00000007ab500000)
  from space 159232K, 16% used [0x00000007b5c80000,0x00000007b765c010,0x00000007bf800000)
  to   space 165376K, 0% used [0x00000007ab500000,0x00000007ab500000,0x00000007b5680000)
 ParOldGen       total 530944K, used 447897K [0x0000000740000000, 0x0000000760680000, 0x0000000795580000)
  object space 530944K, 84% used [0x0000000740000000,0x000000075b5664e8,0x0000000760680000)
 Metaspace       used 49857K, capacity 50893K, committed 51160K, reserved 1095680K
  class space    used 5557K, capacity 5805K, committed 5848K, reserved 1048576K
Event: 2789.003 GC heap after
Heap after GC invocations=52 (full 5):
 PSYoungGen      total 525312K, used 15440K [0x0000000795580000, 0x00000007c0000000, 0x00000007c0000000)
  eden space 359936K, 0% used [0x0000000795580000,0x0000000795580000,0x00000007ab500000)
  from space 165376K, 9% used [0x00000007ab500000,0x00000007ac414010,0x00000007b5680000)
  to   space 164352K, 0% used [0x00000007b5f80000,0x00000007b5f80000,0x00000007c0000000)
 ParOldGen       total 530944K, used 463887K [0x0000000740000000, 0x0000000760680000, 0x0000000795580000)
  object space 530944K, 87% used [0x0000000740000000,0x000000075c503cc0,0x0000000760680000)
 Metaspace       used 49857K, capacity 50893K, committed 51160K, reserved 1095680K
  class space    used 5557K, capacity 5805K, committed 5848K, reserved 1048576K
}
Event: 2789.705 GC heap before
{Heap before GC invocations=53 (full 5):
 PSYoungGen      total 525312K, used 375376K [0x0000000795580000, 0x00000007c0000000, 0x00000007c0000000)
  eden space 359936K, 100% used [0x0000000795580000,0x00000007ab500000,0x00000007ab500000)
  from space 165376K, 9% used [0x00000007ab500000,0x00000007ac414010,0x00000007b5680000)
  to   space 164352K, 0% used [0x00000007b5f80000,0x00000007b5f80000,0x00000007c0000000)
 ParOldGen       total 530944K, used 463887K [0x0000000740000000, 0x0000000760680000, 0x0000000795580000)
  object space 530944K, 87% used [0x0000000740000000,0x000000075c503cc0,0x0000000760680000)
 Metaspace       used 49859K, capacity 50893K, committed 51160K, reserved 1095680K
  class space    used 5557K, capacity 5805K, committed 5848K, reserved 1048576K
Event: 2789.808 GC heap after
Heap after GC invocations=53 (full 5):
 PSYoungGen      total 507904K, used 125069K [0x0000000795580000, 0x00000007c0000000, 0x00000007c0000000)
  eden space 343552K, 0% used [0x0000000795580000,0x0000000795580000,0x00000007aa500000)
  from space 164352K, 76% used [0x00000007b5f80000,0x00000007bd9a35f8,0x00000007c0000000)
  to   space 177664K, 0% used [0x00000007aa500000,0x00000007aa500000,0x00000007b5280000)
 ParOldGen       total 530944K, used 467943K [0x0000000740000000, 0x0000000760680000, 0x0000000795580000)
  object space 530944K, 88% used [0x0000000740000000,0x000000075c8f9cc0,0x0000000760680000)
 Metaspace       used 49859K, capacity 50893K, committed 51160K, reserved 1095680K
  class space    used 5557K, capacity 5805K, committed 5848K, reserved 1048576K
}
Event: 2790.382 GC heap before
{Heap before GC invocations=54 (full 5):
 PSYoungGen      total 507904K, used 468621K [0x0000000795580000, 0x00000007c0000000, 0x00000007c0000000)
  eden space 343552K, 100% used [0x0000000795580000,0x00000007aa500000,0x00000007aa500000)
  from space 164352K, 76% used [0x00000007b5f80000,0x00000007bd9a35f8,0x00000007c0000000)
  to   space 177664K, 0% used [0x00000007aa500000,0x00000007aa500000,0x00000007b5280000)
 ParOldGen       total 530944K, used 467943K [0x0000000740000000, 0x0000000760680000, 0x0000000795580000)
  object space 530944K, 88% used [0x0000000740000000,0x000000075c8f9cc0,0x0000000760680000)
 Metaspace       used 49871K, capacity 50893K, committed 51160K, reserved 1095680K
  class space    used 5557K, capacity 5805K, committed 5848K, reserved 1048576K
Event: 2790.620 GC heap after
Heap after GC invocations=54 (full 5):
 PSYoungGen      total 521216K, used 177648K [0x0000000795580000, 0x00000007c0000000, 0x00000007c0000000)
  eden space 343552K, 0% used [0x0000000795580000,0x0000000795580000,0x00000007aa500000)
  from space 177664K, 99% used [0x00000007aa500000,0x00000007b527c048,0x00000007b5280000)
  to   space 177664K, 0% used [0x00000007b5280000,0x00000007b5280000,0x00000007c0000000)
 ParOldGen       total 530944K, used 502707K [0x0000000740000000, 0x0000000760680000, 0x0000000795580000)
  object space 530944K, 94% used [0x0000000740000000,0x000000075eaecf40,0x0000000760680000)
 Metaspace       used 49871K, capacity 50893K, committed 51160K, reserved 1095680K
  class space    used 5557K, capacity 5805K, committed 5848K, reserved 1048576K
}
Event: 2790.620 GC heap before
{Heap before GC invocations=55 (full 6):
 PSYoungGen      total 521216K, used 177648K [0x0000000795580000, 0x00000007c0000000, 0x00000007c0000000)
  eden space 343552K, 0% used [0x0000000795580000,0x0000000795580000,0x00000007aa500000)
  from space 177664K, 99% used [0x00000007aa500000,0x00000007b527c048,0x00000007b5280000)
  to   space 177664K, 0% used [0x00000007b5280000,0x00000007b5280000,0x00000007c0000000)
 ParOldGen       total 530944K, used 502707K [0x0000000740000000, 0x0000000760680000, 0x0000000795580000)
  object space 530944K, 94% used [0x0000000740000000,0x000000075eaecf40,0x0000000760680000)
 Metaspace       used 49871K, capacity 50893K, committed 51160K, reserved 1095680K
  class space    used 5557K, capacity 5805K, committed 5848K, reserved 1048576K
Event: 2792.590 GC heap after
Heap after GC invocations=55 (full 6):
 PSYoungGen      total 521216K, used 0K [0x0000000795580000, 0x00000007c0000000, 0x00000007c0000000)
  eden space 343552K, 0% used [0x0000000795580000,0x0000000795580000,0x00000007aa500000)
  from space 177664K, 0% used [0x00000007aa500000,0x00000007aa500000,0x00000007b5280000)
  to   space 177664K, 0% used [0x00000007b5280000,0x00000007b5280000,0x00000007c0000000)
 ParOldGen       total 521728K, used 323068K [0x0000000740000000, 0x000000075fd80000, 0x0000000795580000)
  object space 521728K, 61% used [0x0000000740000000,0x0000000753b7f318,0x000000075fd80000)
 Metaspace       used 49829K, capacity 50823K, committed 51160K, reserved 1095680K
  class space    used 5548K, capacity 5788K, committed 5848K, reserved 1048576K
}

