# JRE version: Java(TM) SE Runtime Environment (8.0_121-b13) (build 1.8.0_121-b13)
# Java VM: Java HotSpot(TM) 64-Bit Server VM (25.121-b13 mixed mode bsd-amd64 compressed oops)
Heap:
 PSYoungGen      total 572928K, used 36271K [0x0000000795580000, 0x00000007c0000000, 0x00000007c0000000)
  eden space 469504K, 7% used [0x0000000795580000,0x00000007978ebe60,0x00000007b2000000)
  from space 103424K, 0% used [0x00000007b2000000,0x00000007b2000000,0x00000007b8500000)
  to   space 125952K, 0% used [0x00000007b8500000,0x00000007b8500000,0x00000007c0000000)
 ParOldGen       total 890368K, used 250414K [0x0000000740000000, 0x0000000776580000, 0x0000000795580000)
  object space 890368K, 28% used [0x0000000740000000,0x000000074f48b8b8,0x0000000776580000)
 Metaspace       used 58275K, capacity 59087K, committed 59688K, reserved 1103872K
  class space    used 5666K, capacity 5893K, committed 5928K, reserved 1048576K
GC Heap History (10 events):
Event: 30112.169 GC heap before
{Heap before GC invocations=502 (full 34):
 PSYoungGen      total 555008K, used 436237K [0x0000000795580000, 0x00000007bf100000, 0x00000007c0000000)
  eden space 429056K, 100% used [0x0000000795580000,0x00000007af880000,0x00000007af880000)
  from space 125952K, 5% used [0x00000007af880000,0x00000007aff835b8,0x00000007b7380000)
  to   space 120320K, 0% used [0x00000007b7b80000,0x00000007b7b80000,0x00000007bf100000)
 ParOldGen       total 999936K, used 816658K [0x0000000740000000, 0x000000077d080000, 0x0000000795580000)
  object space 999936K, 81% used [0x0000000740000000,0x0000000771d849e8,0x000000077d080000)
 Metaspace       used 58300K, capacity 59129K, committed 59688K, reserved 1103872K
  class space    used 5670K, capacity 5900K, committed 5928K, reserved 1048576K
Event: 30112.390 GC heap after
Heap after GC invocations=502 (full 34):
 PSYoungGen      total 567808K, used 39920K [0x0000000795580000, 0x00000007bf180000, 0x00000007c0000000)
  eden space 447488K, 0% used [0x0000000795580000,0x0000000795580000,0x00000007b0a80000)
  from space 120320K, 33% used [0x00000007b7b80000,0x00000007ba27c010,0x00000007bf100000)
  to   space 115712K, 0% used [0x00000007b0a80000,0x00000007b0a80000,0x00000007b7b80000)
 ParOldGen       total 999936K, used 823728K [0x0000000740000000, 0x000000077d080000, 0x0000000795580000)
  object space 999936K, 82% used [0x0000000740000000,0x000000077246c340,0x000000077d080000)
 Metaspace       used 58300K, capacity 59129K, committed 59688K, reserved 1103872K
  class space    used 5670K, capacity 5900K, committed 5928K, reserved 1048576K
}
Event: 30112.865 GC heap before
{Heap before GC invocations=503 (full 34):
 PSYoungGen      total 567808K, used 487408K [0x0000000795580000, 0x00000007bf180000, 0x00000007c0000000)
  eden space 447488K, 100% used [0x0000000795580000,0x00000007b0a80000,0x00000007b0a80000)
  from space 120320K, 33% used [0x00000007b7b80000,0x00000007ba27c010,0x00000007bf100000)
  to   space 115712K, 0% used [0x00000007b0a80000,0x00000007b0a80000,0x00000007b7b80000)
 ParOldGen       total 999936K, used 823728K [0x0000000740000000, 0x000000077d080000, 0x0000000795580000)
  object space 999936K, 82% used [0x0000000740000000,0x000000077246c340,0x000000077d080000)
 Metaspace       used 58300K, capacity 59129K, committed 59688K, reserved 1103872K
  class space    used 5670K, capacity 5900K, committed 5928K, reserved 1048576K
Event: 30113.167 GC heap after
Heap after GC invocations=503 (full 34):
 PSYoungGen      total 563200K, used 36480K [0x0000000795580000, 0x00000007bf080000, 0x00000007c0000000)
  eden space 447488K, 0% used [0x0000000795580000,0x0000000795580000,0x00000007b0a80000)
  from space 115712K, 31% used [0x00000007b0a80000,0x00000007b2e20010,0x00000007b7b80000)
  to   space 110080K, 0% used [0x00000007b8500000,0x00000007b8500000,0x00000007bf080000)
 ParOldGen       total 999936K, used 863968K [0x0000000740000000, 0x000000077d080000, 0x0000000795580000)
  object space 999936K, 86% used [0x0000000740000000,0x0000000774bb8390,0x000000077d080000)
 Metaspace       used 58300K, capacity 59129K, committed 59688K, reserved 1103872K
  class space    used 5670K, capacity 5900K, committed 5928K, reserved 1048576K
}
Event: 30113.556 GC heap before
{Heap before GC invocations=504 (full 34):
 PSYoungGen      total 563200K, used 483968K [0x0000000795580000, 0x00000007bf080000, 0x00000007c0000000)
  eden space 447488K, 100% used [0x0000000795580000,0x00000007b0a80000,0x00000007b0a80000)
  from space 115712K, 31% used [0x00000007b0a80000,0x00000007b2e20010,0x00000007b7b80000)
  to   space 110080K, 0% used [0x00000007b8500000,0x00000007b8500000,0x00000007bf080000)
 ParOldGen       total 999936K, used 863968K [0x0000000740000000, 0x000000077d080000, 0x0000000795580000)
  object space 999936K, 86% used [0x0000000740000000,0x0000000774bb8390,0x000000077d080000)
 Metaspace       used 58300K, capacity 59129K, committed 59688K, reserved 1103872K
  class space    used 5670K, capacity 5900K, committed 5928K, reserved 1048576K
Event: 30113.732 GC heap after
Heap after GC invocations=504 (full 34):
 PSYoungGen      total 576512K, used 21536K [0x0000000795580000, 0x00000007bed80000, 0x00000007c0000000)
  eden space 469504K, 0% used [0x0000000795580000,0x0000000795580000,0x00000007b2000000)
  from space 107008K, 20% used [0x00000007b8500000,0x00000007b9a08020,0x00000007bed80000)
  to   space 103424K, 0% used [0x00000007b2000000,0x00000007b2000000,0x00000007b8500000)
 ParOldGen       total 999936K, used 900784K [0x0000000740000000, 0x000000077d080000, 0x0000000795580000)
  object space 999936K, 90% used [0x0000000740000000,0x0000000776fac3a0,0x000000077d080000)
 Metaspace       used 58300K, capacity 59129K, committed 59688K, reserved 1103872K
  class space    used 5670K, capacity 5900K, committed 5928K, reserved 1048576K
}
Event: 30114.318 GC heap before
{Heap before GC invocations=505 (full 34):
 PSYoungGen      total 576512K, used 491040K [0x0000000795580000, 0x00000007bed80000, 0x00000007c0000000)
  eden space 469504K, 100% used [0x0000000795580000,0x00000007b2000000,0x00000007b2000000)
  from space 107008K, 20% used [0x00000007b8500000,0x00000007b9a08020,0x00000007bed80000)
  to   space 103424K, 0% used [0x00000007b2000000,0x00000007b2000000,0x00000007b8500000)
 ParOldGen       total 999936K, used 900784K [0x0000000740000000, 0x000000077d080000, 0x0000000795580000)
  object space 999936K, 90% used [0x0000000740000000,0x0000000776fac3a0,0x000000077d080000)
 Metaspace       used 58300K, capacity 59129K, committed 59688K, reserved 1103872K
  class space    used 5670K, capacity 5900K, committed 5928K, reserved 1048576K
Event: 30114.835 GC heap after
Heap after GC invocations=505 (full 34):
 PSYoungGen      total 572928K, used 103421K [0x0000000795580000, 0x00000007c0000000, 0x00000007c0000000)
  eden space 469504K, 0% used [0x0000000795580000,0x0000000795580000,0x00000007b2000000)
  from space 103424K, 99% used [0x00000007b2000000,0x00000007b84ff5e8,0x00000007b8500000)
  to   space 125952K, 0% used [0x00000007b8500000,0x00000007b8500000,0x00000007c0000000)
 ParOldGen       total 999936K, used 949542K [0x0000000740000000, 0x000000077d080000, 0x0000000795580000)
  object space 999936K, 94% used [0x0000000740000000,0x0000000779f49b78,0x000000077d080000)
 Metaspace       used 58300K, capacity 59129K, committed 59688K, reserved 1103872K
  class space    used 5670K, capacity 5900K, committed 5928K, reserved 1048576K
}
Event: 30114.835 GC heap before
{Heap before GC invocations=506 (full 35):
 PSYoungGen      total 572928K, used 103421K [0x0000000795580000, 0x00000007c0000000, 0x00000007c0000000)
  eden space 469504K, 0% used [0x0000000795580000,0x0000000795580000,0x00000007b2000000)
  from space 103424K, 99% used [0x00000007b2000000,0x00000007b84ff5e8,0x00000007b8500000)
  to   space 125952K, 0% used [0x00000007b8500000,0x00000007b8500000,0x00000007c0000000)
 ParOldGen       total 999936K, used 949542K [0x0000000740000000, 0x000000077d080000, 0x0000000795580000)
  object space 999936K, 94% used [0x0000000740000000,0x0000000779f49b78,0x000000077d080000)
 Metaspace       used 58300K, capacity 59129K, committed 59688K, reserved 1103872K
  class space    used 5670K, capacity 5900K, committed 5928K, reserved 1048576K
Event: 30116.324 GC heap after
Heap after GC invocations=506 (full 35):
 PSYoungGen      total 572928K, used 0K [0x0000000795580000, 0x00000007c0000000, 0x00000007c0000000)
  eden space 469504K, 0% used [0x0000000795580000,0x0000000795580000,0x00000007b2000000)
  from space 103424K, 0% used [0x00000007b2000000,0x00000007b2000000,0x00000007b8500000)
  to   space 125952K, 0% used [0x00000007b8500000,0x00000007b8500000,0x00000007c0000000)
 ParOldGen       total 890368K, used 250414K [0x0000000740000000, 0x0000000776580000, 0x0000000795580000)
  object space 890368K, 28% used [0x0000000740000000,0x000000074f48b8b8,0x0000000776580000)
 Metaspace       used 58275K, capacity 59087K, committed 59688K, reserved 1103872K
  class space    used 5666K, capacity 5893K, committed 5928K, reserved 1048576K
}

