# JRE version: Java(TM) SE Runtime Environment (8.0_121-b13) (build 1.8.0_121-b13)
# Java VM: Java HotSpot(TM) 64-Bit Server VM (25.121-b13 mixed mode bsd-amd64 compressed oops)
Heap:
 PSYoungGen      total 470016K, used 48356K [0x0000000795580000, 0x00000007c0000000, 0x00000007c0000000)
  eden space 363008K, 13% used [0x0000000795580000,0x00000007984b92e0,0x00000007ab800000)
  from space 107008K, 0% used [0x00000007b9780000,0x00000007b9780000,0x00000007c0000000)
  to   space 167936K, 0% used [0x00000007ab800000,0x00000007ab800000,0x00000007b5c00000)
 ParOldGen       total 707584K, used 331805K [0x0000000740000000, 0x000000076b300000, 0x0000000795580000)
  object space 707584K, 46% used [0x0000000740000000,0x0000000754407440,0x000000076b300000)
 Metaspace       used 56791K, capacity 57617K, committed 58024K, reserved 1101824K
  class space    used 5650K, capacity 5858K, committed 5888K, reserved 1048576K
GC Heap History (10 events):
Event: 54796.428 GC heap before
{Heap before GC invocations=222 (full 19):
 PSYoungGen      total 529408K, used 453568K [0x0000000795580000, 0x00000007be700000, 0x00000007c0000000)
  eden space 416256K, 100% used [0x0000000795580000,0x00000007aec00000,0x00000007aec00000)
  from space 113152K, 32% used [0x00000007b7880000,0x00000007b9cf0020,0x00000007be700000)
  to   space 128512K, 0% used [0x00000007aec00000,0x00000007aec00000,0x00000007b6980000)
 ParOldGen       total 723968K, used 406228K [0x0000000740000000, 0x000000076c300000, 0x0000000795580000)
  object space 723968K, 56% used [0x0000000740000000,0x0000000758cb52c8,0x000000076c300000)
 Metaspace       used 56813K, capacity 57665K, committed 58024K, reserved 1101824K
  class space    used 5654K, capacity 5866K, committed 5888K, reserved 1048576K
Event: 54796.587 GC heap after
Heap after GC invocations=222 (full 19):
 PSYoungGen      total 544768K, used 34208K [0x0000000795580000, 0x00000007bff00000, 0x00000007c0000000)
  eden space 416256K, 0% used [0x0000000795580000,0x0000000795580000,0x00000007aec00000)
  from space 128512K, 26% used [0x00000007aec00000,0x00000007b0d68010,0x00000007b6980000)
  to   space 120320K, 0% used [0x00000007b8980000,0x00000007b8980000,0x00000007bff00000)
 ParOldGen       total 723968K, used 443761K [0x0000000740000000, 0x000000076c300000, 0x0000000795580000)
  object space 723968K, 61% used [0x0000000740000000,0x000000075b15c650,0x000000076c300000)
 Metaspace       used 56813K, capacity 57665K, committed 58024K, reserved 1101824K
  class space    used 5654K, capacity 5866K, committed 5888K, reserved 1048576K
}
Event: 54797.126 GC heap before
{Heap before GC invocations=223 (full 19):
 PSYoungGen      total 544768K, used 450464K [0x0000000795580000, 0x00000007bff00000, 0x00000007c0000000)
  eden space 416256K, 100% used [0x0000000795580000,0x00000007aec00000,0x00000007aec00000)
  from space 128512K, 26% used [0x00000007aec00000,0x00000007b0d68010,0x00000007b6980000)
  to   space 120320K, 0% used [0x00000007b8980000,0x00000007b8980000,0x00000007bff00000)
 ParOldGen       total 723968K, used 443761K [0x0000000740000000, 0x000000076c300000, 0x0000000795580000)
  object space 723968K, 61% used [0x0000000740000000,0x000000075b15c650,0x000000076c300000)
 Metaspace       used 56813K, capacity 57665K, committed 58024K, reserved 1101824K
  class space    used 5654K, capacity 5866K, committed 5888K, reserved 1048576K
Event: 54797.250 GC heap after
Heap after GC invocations=223 (full 19):
 PSYoungGen      total 549888K, used 26816K [0x0000000795580000, 0x00000007beb00000, 0x00000007c0000000)
  eden space 450048K, 0% used [0x0000000795580000,0x0000000795580000,0x00000007b0d00000)
  from space 99840K, 26% used [0x00000007b8980000,0x00000007ba3b0020,0x00000007beb00000)
  to   space 113664K, 0% used [0x00000007b0d00000,0x00000007b0d00000,0x00000007b7c00000)
 ParOldGen       total 723968K, used 478297K [0x0000000740000000, 0x000000076c300000, 0x0000000795580000)
  object space 723968K, 66% used [0x0000000740000000,0x000000075d316660,0x000000076c300000)
 Metaspace       used 56813K, capacity 57665K, committed 58024K, reserved 1101824K
  class space    used 5654K, capacity 5866K, committed 5888K, reserved 1048576K
}
Event: 54797.890 GC heap before
{Heap before GC invocations=224 (full 19):
 PSYoungGen      total 549888K, used 476864K [0x0000000795580000, 0x00000007beb00000, 0x00000007c0000000)
  eden space 450048K, 100% used [0x0000000795580000,0x00000007b0d00000,0x00000007b0d00000)
  from space 99840K, 26% used [0x00000007b8980000,0x00000007ba3b0020,0x00000007beb00000)
  to   space 113664K, 0% used [0x00000007b0d00000,0x00000007b0d00000,0x00000007b7c00000)
 ParOldGen       total 723968K, used 478297K [0x0000000740000000, 0x000000076c300000, 0x0000000795580000)
  object space 723968K, 66% used [0x0000000740000000,0x000000075d316660,0x000000076c300000)
 Metaspace       used 56813K, capacity 57665K, committed 58024K, reserved 1101824K
  class space    used 5654K, capacity 5866K, committed 5888K, reserved 1048576K
Event: 54798.044 GC heap after
Heap after GC invocations=224 (full 19):
 PSYoungGen      total 563712K, used 39348K [0x0000000795580000, 0x00000007c0000000, 0x00000007c0000000)
  eden space 450048K, 0% used [0x0000000795580000,0x0000000795580000,0x00000007b0d00000)
  from space 113664K, 34% used [0x00000007b0d00000,0x00000007b336d288,0x00000007b7c00000)
  to   space 107008K, 0% used [0x00000007b9780000,0x00000007b9780000,0x00000007c0000000)
 ParOldGen       total 723968K, used 505239K [0x0000000740000000, 0x000000076c300000, 0x0000000795580000)
  object space 723968K, 69% used [0x0000000740000000,0x000000075ed65e38,0x000000076c300000)
 Metaspace       used 56813K, capacity 57665K, committed 58024K, reserved 1101824K
  class space    used 5654K, capacity 5866K, committed 5888K, reserved 1048576K
}
Event: 54798.904 GC heap before
{Heap before GC invocations=225 (full 19):
 PSYoungGen      total 563712K, used 489396K [0x0000000795580000, 0x00000007c0000000, 0x00000007c0000000)
  eden space 450048K, 100% used [0x0000000795580000,0x00000007b0d00000,0x00000007b0d00000)
  from space 113664K, 34% used [0x00000007b0d00000,0x00000007b336d288,0x00000007b7c00000)
  to   space 107008K, 0% used [0x00000007b9780000,0x00000007b9780000,0x00000007c0000000)
 ParOldGen       total 723968K, used 505239K [0x0000000740000000, 0x000000076c300000, 0x0000000795580000)
  object space 723968K, 69% used [0x0000000740000000,0x000000075ed65e38,0x000000076c300000)
 Metaspace       used 56819K, capacity 57665K, committed 58024K, reserved 1101824K
  class space    used 5654K, capacity 5866K, committed 5888K, reserved 1048576K
Event: 54799.601 GC heap after
Heap after GC invocations=225 (full 19):
 PSYoungGen      total 470016K, used 106982K [0x0000000795580000, 0x00000007c0000000, 0x00000007c0000000)
  eden space 363008K, 0% used [0x0000000795580000,0x0000000795580000,0x00000007ab800000)
  from space 107008K, 99% used [0x00000007b9780000,0x00000007bfff9b58,0x00000007c0000000)
  to   space 167936K, 0% used [0x00000007ab800000,0x00000007ab800000,0x00000007b5c00000)
 ParOldGen       total 723968K, used 617796K [0x0000000740000000, 0x000000076c300000, 0x0000000795580000)
  object space 723968K, 85% used [0x0000000740000000,0x0000000765b51198,0x000000076c300000)
 Metaspace       used 56819K, capacity 57665K, committed 58024K, reserved 1101824K
  class space    used 5654K, capacity 5866K, committed 5888K, reserved 1048576K
}
Event: 54799.601 GC heap before
{Heap before GC invocations=226 (full 20):
 PSYoungGen      total 470016K, used 106982K [0x0000000795580000, 0x00000007c0000000, 0x00000007c0000000)
  eden space 363008K, 0% used [0x0000000795580000,0x0000000795580000,0x00000007ab800000)
  from space 107008K, 99% used [0x00000007b9780000,0x00000007bfff9b58,0x00000007c0000000)
  to   space 167936K, 0% used [0x00000007ab800000,0x00000007ab800000,0x00000007b5c00000)
 ParOldGen       total 723968K, used 617796K [0x0000000740000000, 0x000000076c300000, 0x0000000795580000)
  object space 723968K, 85% used [0x0000000740000000,0x0000000765b51198,0x000000076c300000)
 Metaspace       used 56819K, capacity 57665K, committed 58024K, reserved 1101824K
  class space    used 5654K, capacity 5866K, committed 5888K, reserved 1048576K
Event: 54802.404 GC heap after
Heap after GC invocations=226 (full 20):
 PSYoungGen      total 470016K, used 0K [0x0000000795580000, 0x00000007c0000000, 0x00000007c0000000)
  eden space 363008K, 0% used [0x0000000795580000,0x0000000795580000,0x00000007ab800000)
  from space 107008K, 0% used [0x00000007b9780000,0x00000007b9780000,0x00000007c0000000)
  to   space 167936K, 0% used [0x00000007ab800000,0x00000007ab800000,0x00000007b5c00000)
 ParOldGen       total 707584K, used 331805K [0x0000000740000000, 0x000000076b300000, 0x0000000795580000)
  object space 707584K, 46% used [0x0000000740000000,0x0000000754407440,0x000000076b300000)
 Metaspace       used 56791K, capacity 57617K, committed 58024K, reserved 1101824K
  class space    used 5650K, capacity 5858K, committed 5888K, reserved 1048576K
}

