# JRE version: Java(TM) SE Runtime Environment (8.0_121-b13) (build 1.8.0_121-b13)
# Java VM: Java HotSpot(TM) 64-Bit Server VM (25.121-b13 mixed mode bsd-amd64 compressed oops)
Heap:
 PSYoungGen      total 565248K, used 6772K [0x0000000795580000, 0x00000007bf200000, 0x00000007c0000000)
  eden space 445952K, 1% used [0x0000000795580000,0x0000000795c1d140,0x00000007b0900000)
  from space 119296K, 0% used [0x00000007b7d80000,0x00000007b7d80000,0x00000007bf200000)
  to   space 119296K, 0% used [0x00000007b0900000,0x00000007b0900000,0x00000007b7d80000)
 ParOldGen       total 603648K, used 20531K [0x0000000740000000, 0x0000000764d80000, 0x0000000795580000)
  object space 603648K, 3% used [0x0000000740000000,0x000000074140ced8,0x0000000764d80000)
 Metaspace       used 57577K, capacity 58433K, committed 59096K, reserved 1101824K
  class space    used 5656K, capacity 5890K, committed 6016K, reserved 1048576K
GC Heap History (10 events):
Event: 6197.138 GC heap before
{Heap before GC invocations=333 (full 26):
 PSYoungGen      total 539648K, used 438866K [0x0000000795580000, 0x00000007bf180000, 0x00000007c0000000)
  eden space 412672K, 100% used [0x0000000795580000,0x00000007ae880000,0x00000007ae880000)
  from space 126976K, 20% used [0x00000007b7580000,0x00000007b8f14bb8,0x00000007bf180000)
  to   space 135680K, 0% used [0x00000007ae880000,0x00000007ae880000,0x00000007b6d00000)
 ParOldGen       total 892416K, used 749718K [0x0000000740000000, 0x0000000776780000, 0x0000000795580000)
  object space 892416K, 84% used [0x0000000740000000,0x000000076dc25988,0x0000000776780000)
 Metaspace       used 57548K, capacity 58411K, committed 58840K, reserved 1101824K
  class space    used 5657K, capacity 5897K, committed 6016K, reserved 1048576K
Event: 6197.266 GC heap after
Heap after GC invocations=333 (full 26):
 PSYoungGen      total 548352K, used 7182K [0x0000000795580000, 0x00000007c0000000, 0x00000007c0000000)
  eden space 412672K, 0% used [0x0000000795580000,0x0000000795580000,0x00000007ae880000)
  from space 135680K, 5% used [0x00000007ae880000,0x00000007aef83a18,0x00000007b6d00000)
  to   space 132608K, 0% used [0x00000007b7e80000,0x00000007b7e80000,0x00000007c0000000)
 ParOldGen       total 892416K, used 775825K [0x0000000740000000, 0x0000000776780000, 0x0000000795580000)
  object space 892416K, 86% used [0x0000000740000000,0x000000076f5a47e8,0x0000000776780000)
 Metaspace       used 57548K, capacity 58411K, committed 58840K, reserved 1101824K
  class space    used 5657K, capacity 5897K, committed 6016K, reserved 1048576K
}
Event: 11449.710 GC heap before
{Heap before GC invocations=334 (full 26):
 PSYoungGen      total 548352K, used 419854K [0x0000000795580000, 0x00000007c0000000, 0x00000007c0000000)
  eden space 412672K, 100% used [0x0000000795580000,0x00000007ae880000,0x00000007ae880000)
  from space 135680K, 5% used [0x00000007ae880000,0x00000007aef83a18,0x00000007b6d00000)
  to   space 132608K, 0% used [0x00000007b7e80000,0x00000007b7e80000,0x00000007c0000000)
 ParOldGen       total 892416K, used 775825K [0x0000000740000000, 0x0000000776780000, 0x0000000795580000)
  object space 892416K, 86% used [0x0000000740000000,0x000000076f5a47e8,0x0000000776780000)
 Metaspace       used 57548K, capacity 58411K, committed 58840K, reserved 1101824K
  class space    used 5657K, capacity 5897K, committed 6016K, reserved 1048576K
Event: 11449.859 GC heap after
Heap after GC invocations=334 (full 26):
 PSYoungGen      total 556032K, used 64K [0x0000000795580000, 0x00000007bf900000, 0x00000007c0000000)
  eden space 430592K, 0% used [0x0000000795580000,0x0000000795580000,0x00000007afa00000)
  from space 125440K, 0% used [0x00000007b7e80000,0x00000007b7e90000,0x00000007bf900000)
  to   space 130560K, 0% used [0x00000007afa00000,0x00000007afa00000,0x00000007b7980000)
 ParOldGen       total 892416K, used 782834K [0x0000000740000000, 0x0000000776780000, 0x0000000795580000)
  object space 892416K, 87% used [0x0000000740000000,0x000000076fc7c800,0x0000000776780000)
 Metaspace       used 57548K, capacity 58411K, committed 58840K, reserved 1101824K
  class space    used 5657K, capacity 5897K, committed 6016K, reserved 1048576K
}
Event: 16730.546 GC heap before
{Heap before GC invocations=335 (full 26):
 PSYoungGen      total 556032K, used 430656K [0x0000000795580000, 0x00000007bf900000, 0x00000007c0000000)
  eden space 430592K, 100% used [0x0000000795580000,0x00000007afa00000,0x00000007afa00000)
  from space 125440K, 0% used [0x00000007b7e80000,0x00000007b7e90000,0x00000007bf900000)
  to   space 130560K, 0% used [0x00000007afa00000,0x00000007afa00000,0x00000007b7980000)
 ParOldGen       total 892416K, used 782834K [0x0000000740000000, 0x0000000776780000, 0x0000000795580000)
  object space 892416K, 87% used [0x0000000740000000,0x000000076fc7c800,0x0000000776780000)
 Metaspace       used 57588K, capacity 58475K, committed 59096K, reserved 1101824K
  class space    used 5660K, capacity 5897K, committed 6016K, reserved 1048576K
Event: 16730.911 GC heap after
Heap after GC invocations=335 (full 26):
 PSYoungGen      total 561152K, used 29199K [0x0000000795580000, 0x00000007bf500000, 0x00000007c0000000)
  eden space 430592K, 0% used [0x0000000795580000,0x0000000795580000,0x00000007afa00000)
  from space 130560K, 22% used [0x00000007afa00000,0x00000007b1683db8,0x00000007b7980000)
  to   space 122368K, 0% used [0x00000007b7d80000,0x00000007b7d80000,0x00000007bf500000)
 ParOldGen       total 892416K, used 782842K [0x0000000740000000, 0x0000000776780000, 0x0000000795580000)
  object space 892416K, 87% used [0x0000000740000000,0x000000076fc7e800,0x0000000776780000)
 Metaspace       used 57588K, capacity 58475K, committed 59096K, reserved 1101824K
  class space    used 5660K, capacity 5897K, committed 6016K, reserved 1048576K
}
Event: 22173.268 GC heap before
{Heap before GC invocations=336 (full 26):
 PSYoungGen      total 561152K, used 459791K [0x0000000795580000, 0x00000007bf500000, 0x00000007c0000000)
  eden space 430592K, 100% used [0x0000000795580000,0x00000007afa00000,0x00000007afa00000)
  from space 130560K, 22% used [0x00000007afa00000,0x00000007b1683db8,0x00000007b7980000)
  to   space 122368K, 0% used [0x00000007b7d80000,0x00000007b7d80000,0x00000007bf500000)
 ParOldGen       total 892416K, used 782842K [0x0000000740000000, 0x0000000776780000, 0x0000000795580000)
  object space 892416K, 87% used [0x0000000740000000,0x000000076fc7e800,0x0000000776780000)
 Metaspace       used 57601K, capacity 58475K, committed 59096K, reserved 1101824K
  class space    used 5660K, capacity 5897K, committed 6016K, reserved 1048576K
Event: 22173.288 GC heap after
Heap after GC invocations=336 (full 26):
 PSYoungGen      total 565248K, used 574K [0x0000000795580000, 0x00000007bf200000, 0x00000007c0000000)
  eden space 445952K, 0% used [0x0000000795580000,0x0000000795580000,0x00000007b0900000)
  from space 119296K, 0% used [0x00000007b7d80000,0x00000007b7e0f8c8,0x00000007bf200000)
  to   space 119296K, 0% used [0x00000007b0900000,0x00000007b0900000,0x00000007b7d80000)
 ParOldGen       total 892416K, used 807283K [0x0000000740000000, 0x0000000776780000, 0x0000000795580000)
  object space 892416K, 90% used [0x0000000740000000,0x000000077145cd08,0x0000000776780000)
 Metaspace       used 57601K, capacity 58475K, committed 59096K, reserved 1101824K
  class space    used 5660K, capacity 5897K, committed 6016K, reserved 1048576K
}
Event: 22173.289 GC heap before
{Heap before GC invocations=337 (full 27):
 PSYoungGen      total 565248K, used 574K [0x0000000795580000, 0x00000007bf200000, 0x00000007c0000000)
  eden space 445952K, 0% used [0x0000000795580000,0x0000000795580000,0x00000007b0900000)
  from space 119296K, 0% used [0x00000007b7d80000,0x00000007b7e0f8c8,0x00000007bf200000)
  to   space 119296K, 0% used [0x00000007b0900000,0x00000007b0900000,0x00000007b7d80000)
 ParOldGen       total 892416K, used 807283K [0x0000000740000000, 0x0000000776780000, 0x0000000795580000)
  object space 892416K, 90% used [0x0000000740000000,0x000000077145cd08,0x0000000776780000)
 Metaspace       used 57601K, capacity 58475K, committed 59096K, reserved 1101824K
  class space    used 5660K, capacity 5897K, committed 6016K, reserved 1048576K
Event: 22173.545 GC heap after
Heap after GC invocations=337 (full 27):
 PSYoungGen      total 565248K, used 0K [0x0000000795580000, 0x00000007bf200000, 0x00000007c0000000)
  eden space 445952K, 0% used [0x0000000795580000,0x0000000795580000,0x00000007b0900000)
  from space 119296K, 0% used [0x00000007b7d80000,0x00000007b7d80000,0x00000007bf200000)
  to   space 119296K, 0% used [0x00000007b0900000,0x00000007b0900000,0x00000007b7d80000)
 ParOldGen       total 603648K, used 20531K [0x0000000740000000, 0x0000000764d80000, 0x0000000795580000)
  object space 603648K, 3% used [0x0000000740000000,0x000000074140ced8,0x0000000764d80000)
 Metaspace       used 57577K, capacity 58433K, committed 59096K, reserved 1101824K
  class space    used 5656K, capacity 5890K, committed 6016K, reserved 1048576K
}

